{"E:\\Code\\Projects\\Tutorials\\NodeJS\\MicroservicesNodeJSReact\\ticketing\\auth\\src\\app.ts": {"path":"E:\\Code\\Projects\\Tutorials\\NodeJS\\MicroservicesNodeJSReact\\ticketing\\auth\\src\\app.ts","statementMap":{"0":{"start":{"line":1,"column":0},"end":{"line":1,"column":30}},"1":{"start":{"line":2,"column":0},"end":{"line":2,"column":30}},"2":{"start":{"line":3,"column":0},"end":{"line":3,"column":43}},"3":{"start":{"line":5,"column":0},"end":{"line":5,"column":58}},"4":{"start":{"line":6,"column":0},"end":{"line":6,"column":47}},"5":{"start":{"line":7,"column":0},"end":{"line":7,"column":49}},"6":{"start":{"line":8,"column":0},"end":{"line":8,"column":47}},"7":{"start":{"line":9,"column":0},"end":{"line":9,"column":57}},"8":{"start":{"line":10,"column":0},"end":{"line":10,"column":59}},"9":{"start":{"line":12,"column":12},"end":{"line":12,"column":21}},"10":{"start":{"line":35,"column":9},"end":{"line":35,"column":12}},"11":{"start":{"line":13,"column":0},"end":{"line":13,"column":29}},"12":{"start":{"line":15,"column":0},"end":{"line":15,"column":24}},"13":{"start":{"line":16,"column":0},"end":{"line":21,"column":2}},"14":{"start":{"line":24,"column":0},"end":{"line":24,"column":27}},"15":{"start":{"line":25,"column":0},"end":{"line":25,"column":22}},"16":{"start":{"line":26,"column":0},"end":{"line":26,"column":23}},"17":{"start":{"line":27,"column":0},"end":{"line":27,"column":22}},"18":{"start":{"line":29,"column":0},"end":{"line":31,"column":3}},"19":{"start":{"line":29,"column":28},"end":{"line":31,"column":2}},"20":{"start":{"line":30,"column":2},"end":{"line":30,"column":28}},"21":{"start":{"line":33,"column":0},"end":{"line":33,"column":22}}},"fnMap":{"0":{"name":"(anonymous_14)","decl":{"start":{"line":29,"column":13},"end":{"line":29,"column":20}},"loc":{"start":{"line":29,"column":28},"end":{"line":31,"column":2}}},"1":{"name":"(anonymous_15)","decl":{"start":{"line":29,"column":28},"end":{"line":29,"column":null}},"loc":{"start":{"line":29,"column":28},"end":{"line":31,"column":2}}}},"branchMap":{},"s":{"0":4,"1":4,"2":4,"3":4,"4":4,"5":4,"6":4,"7":4,"8":4,"9":4,"10":4,"11":4,"12":4,"13":4,"14":4,"15":4,"16":4,"17":4,"18":4,"19":0,"20":0,"21":4},"f":{"0":0,"1":0},"b":{}}
,"E:\\Code\\Projects\\Tutorials\\NodeJS\\MicroservicesNodeJSReact\\ticketing\\auth\\src\\constants.ts": {"path":"E:\\Code\\Projects\\Tutorials\\NodeJS\\MicroservicesNodeJSReact\\ticketing\\auth\\src\\constants.ts","statementMap":{"0":{"start":{"line":1,"column":13},"end":{"line":1,"column":46}},"1":{"start":{"line":2,"column":13},"end":{"line":2,"column":46}},"2":{"start":{"line":3,"column":13},"end":{"line":3,"column":48}},"3":{"start":{"line":4,"column":13},"end":{"line":4,"column":57}}},"fnMap":{},"branchMap":{},"s":{"0":4,"1":4,"2":4,"3":4},"f":{},"b":{}}
,"E:\\Code\\Projects\\Tutorials\\NodeJS\\MicroservicesNodeJSReact\\ticketing\\auth\\src\\errors\\bad-request-error.ts": {"path":"E:\\Code\\Projects\\Tutorials\\NodeJS\\MicroservicesNodeJSReact\\ticketing\\auth\\src\\errors\\bad-request-error.ts","statementMap":{"0":{"start":{"line":1,"column":0},"end":{"line":1,"column":45}},"1":{"start":{"line":3,"column":0},"end":{"line":3,"column":null}},"2":{"start":{"line":3,"column":37},"end":{"line":3,"column":48}},"3":{"start":{"line":7,"column":4},"end":{"line":7,"column":null}},"4":{"start":{"line":4,"column":2},"end":{"line":4,"column":19}},"5":{"start":{"line":10,"column":4},"end":{"line":10,"column":59}},"6":{"start":{"line":13,"column":2},"end":{"line":15,"column":null}},"7":{"start":{"line":14,"column":4},"end":{"line":14,"column":39}},"8":{"start":{"line":16,"column":0},"end":{"line":16,"column":null}},"9":{"start":{"line":3,"column":13},"end":{"line":3,"column":28}}},"fnMap":{"0":{"name":"(anonymous_6)","decl":{"start":{"line":3,"column":0},"end":{"line":3,"column":13}},"loc":{"start":{"line":3,"column":0},"end":{"line":16,"column":null}}},"1":{"name":"BadRequestError","decl":{"start":{"line":6,"column":2},"end":{"line":6,"column":14}},"loc":{"start":{"line":6,"column":29},"end":{"line":11,"column":3}}},"2":{"name":"(anonymous_8)","decl":{"start":{"line":13,"column":2},"end":{"line":13,"column":17}},"loc":{"start":{"line":13,"column":2},"end":{"line":15,"column":3}}}},"branchMap":{"0":{"loc":{"start":{"line":7,"column":4},"end":{"line":7,"column":18}},"type":"binary-expr","locations":[{"start":{"line":7,"column":4},"end":{"line":7,"column":18}},{"start":{"line":7,"column":18},"end":{"line":7,"column":null}}]}},"s":{"0":4,"1":4,"2":4,"3":3,"4":3,"5":3,"6":4,"7":3,"8":4,"9":4},"f":{"0":4,"1":3,"2":3},"b":{"0":[3,0]}}
,"E:\\Code\\Projects\\Tutorials\\NodeJS\\MicroservicesNodeJSReact\\ticketing\\auth\\src\\errors\\custom-error.ts": {"path":"E:\\Code\\Projects\\Tutorials\\NodeJS\\MicroservicesNodeJSReact\\ticketing\\auth\\src\\errors\\custom-error.ts","statementMap":{"0":{"start":{"line":1,"column":0},"end":{"line":1,"column":null}},"1":{"start":{"line":1,"column":42},"end":{"line":1,"column":47}},"2":{"start":{"line":5,"column":4},"end":{"line":5,"column":null}},"3":{"start":{"line":7,"column":4},"end":{"line":7,"column":55}},"4":{"start":{"line":11,"column":0},"end":{"line":11,"column":null}},"5":{"start":{"line":1,"column":22},"end":{"line":1,"column":33}}},"fnMap":{"0":{"name":"(anonymous_6)","decl":{"start":{"line":1,"column":0},"end":{"line":1,"column":22}},"loc":{"start":{"line":1,"column":0},"end":{"line":11,"column":null}}},"1":{"name":"CustomError","decl":{"start":{"line":4,"column":2},"end":{"line":4,"column":14}},"loc":{"start":{"line":4,"column":29},"end":{"line":8,"column":3}}}},"branchMap":{"0":{"loc":{"start":{"line":5,"column":4},"end":{"line":5,"column":18}},"type":"binary-expr","locations":[{"start":{"line":5,"column":4},"end":{"line":5,"column":18}},{"start":{"line":5,"column":18},"end":{"line":5,"column":null}}]}},"s":{"0":4,"1":4,"2":8,"3":8,"4":4,"5":4},"f":{"0":4,"1":8},"b":{"0":[8,0]}}
,"E:\\Code\\Projects\\Tutorials\\NodeJS\\MicroservicesNodeJSReact\\ticketing\\auth\\src\\errors\\not-found-error.ts": {"path":"E:\\Code\\Projects\\Tutorials\\NodeJS\\MicroservicesNodeJSReact\\ticketing\\auth\\src\\errors\\not-found-error.ts","statementMap":{"0":{"start":{"line":1,"column":0},"end":{"line":1,"column":45}},"1":{"start":{"line":3,"column":0},"end":{"line":3,"column":null}},"2":{"start":{"line":3,"column":35},"end":{"line":3,"column":46}},"3":{"start":{"line":7,"column":4},"end":{"line":7,"column":null}},"4":{"start":{"line":4,"column":2},"end":{"line":4,"column":19}},"5":{"start":{"line":8,"column":4},"end":{"line":8,"column":57}},"6":{"start":{"line":11,"column":2},"end":{"line":13,"column":null}},"7":{"start":{"line":12,"column":4},"end":{"line":12,"column":38}},"8":{"start":{"line":14,"column":0},"end":{"line":14,"column":null}},"9":{"start":{"line":3,"column":13},"end":{"line":3,"column":26}}},"fnMap":{"0":{"name":"(anonymous_6)","decl":{"start":{"line":3,"column":0},"end":{"line":3,"column":13}},"loc":{"start":{"line":3,"column":0},"end":{"line":14,"column":null}}},"1":{"name":"NotFoundError","decl":{"start":{"line":6,"column":2},"end":{"line":6,"column":null}},"loc":{"start":{"line":6,"column":2},"end":{"line":9,"column":3}}},"2":{"name":"(anonymous_8)","decl":{"start":{"line":11,"column":2},"end":{"line":11,"column":17}},"loc":{"start":{"line":11,"column":2},"end":{"line":13,"column":3}}}},"branchMap":{"0":{"loc":{"start":{"line":7,"column":4},"end":{"line":7,"column":28}},"type":"binary-expr","locations":[{"start":{"line":7,"column":4},"end":{"line":7,"column":28}},{"start":{"line":7,"column":28},"end":{"line":7,"column":null}}]}},"s":{"0":4,"1":4,"2":4,"3":0,"4":0,"5":0,"6":4,"7":0,"8":4,"9":4},"f":{"0":4,"1":0,"2":0},"b":{"0":[0,0]}}
,"E:\\Code\\Projects\\Tutorials\\NodeJS\\MicroservicesNodeJSReact\\ticketing\\auth\\src\\errors\\request-validation-error.ts": {"path":"E:\\Code\\Projects\\Tutorials\\NodeJS\\MicroservicesNodeJSReact\\ticketing\\auth\\src\\errors\\request-validation-error.ts","statementMap":{"0":{"start":{"line":2,"column":0},"end":{"line":2,"column":45}},"1":{"start":{"line":4,"column":0},"end":{"line":4,"column":null}},"2":{"start":{"line":4,"column":44},"end":{"line":4,"column":55}},"3":{"start":{"line":8,"column":4},"end":{"line":8,"column":null}},"4":{"start":{"line":7,"column":22},"end":{"line":7,"column":47}},"5":{"start":{"line":5,"column":2},"end":{"line":5,"column":19}},"6":{"start":{"line":11,"column":4},"end":{"line":11,"column":66}},"7":{"start":{"line":14,"column":2},"end":{"line":18,"column":null}},"8":{"start":{"line":15,"column":4},"end":{"line":17,"column":7}},"9":{"start":{"line":16,"column":6},"end":{"line":16,"column":56}},"10":{"start":{"line":19,"column":0},"end":{"line":19,"column":null}},"11":{"start":{"line":4,"column":13},"end":{"line":4,"column":35}}},"fnMap":{"0":{"name":"(anonymous_6)","decl":{"start":{"line":4,"column":0},"end":{"line":4,"column":13}},"loc":{"start":{"line":4,"column":0},"end":{"line":19,"column":null}}},"1":{"name":"RequestValidationError","decl":{"start":{"line":7,"column":2},"end":{"line":7,"column":22}},"loc":{"start":{"line":7,"column":47},"end":{"line":12,"column":3}}},"2":{"name":"(anonymous_8)","decl":{"start":{"line":14,"column":2},"end":{"line":14,"column":17}},"loc":{"start":{"line":14,"column":2},"end":{"line":18,"column":3}}},"3":{"name":"(anonymous_9)","decl":{"start":{"line":15,"column":27},"end":{"line":15,"column":28}},"loc":{"start":{"line":15,"column":33},"end":{"line":17,"column":5}}}},"branchMap":{"0":{"loc":{"start":{"line":8,"column":4},"end":{"line":8,"column":39}},"type":"binary-expr","locations":[{"start":{"line":8,"column":4},"end":{"line":8,"column":39}},{"start":{"line":8,"column":39},"end":{"line":8,"column":null}}]}},"s":{"0":4,"1":4,"2":4,"3":5,"4":5,"5":5,"6":5,"7":4,"8":5,"9":5,"10":4,"11":4},"f":{"0":4,"1":5,"2":5,"3":5},"b":{"0":[5,0]}}
,"E:\\Code\\Projects\\Tutorials\\NodeJS\\MicroservicesNodeJSReact\\ticketing\\auth\\src\\middlewares\\current-user.ts": {"path":"E:\\Code\\Projects\\Tutorials\\NodeJS\\MicroservicesNodeJSReact\\ticketing\\auth\\src\\middlewares\\current-user.ts","statementMap":{"0":{"start":{"line":2,"column":0},"end":{"line":2,"column":31}},"1":{"start":{"line":17,"column":27},"end":{"line":35,"column":1}},"2":{"start":{"line":22,"column":2},"end":{"line":24,"column":null}},"3":{"start":{"line":23,"column":4},"end":{"line":23,"column":18}},"4":{"start":{"line":26,"column":2},"end":{"line":32,"column":20}},"5":{"start":{"line":27,"column":20},"end":{"line":29,"column":null}},"6":{"start":{"line":31,"column":4},"end":{"line":31,"column":30}},"7":{"start":{"line":34,"column":2},"end":{"line":34,"column":9}},"8":{"start":{"line":17,"column":13},"end":{"line":17,"column":27}}},"fnMap":{"0":{"name":"(anonymous_1)","decl":{"start":{"line":17,"column":27},"end":{"line":17,"column":null}},"loc":{"start":{"line":20,"column":20},"end":{"line":35,"column":1}}}},"branchMap":{"0":{"loc":{"start":{"line":22,"column":2},"end":{"line":24,"column":null}},"type":"if","locations":[{"start":{"line":22,"column":2},"end":{"line":24,"column":null}},{"start":{"line":22,"column":2},"end":{"line":24,"column":null}}]},"1":{"loc":{"start":{"line":22,"column":18},"end":{"line":22,"column":20}},"type":"cond-expr","locations":[{"start":{"line":22,"column":18},"end":{"line":22,"column":20}},{"start":{"line":22,"column":18},"end":{"line":22,"column":23}}]},"2":{"loc":{"start":{"line":22,"column":7},"end":{"line":22,"column":20}},"type":"binary-expr","locations":[{"start":{"line":22,"column":7},"end":{"line":22,"column":20}},{"start":{"line":22,"column":18},"end":{"line":22,"column":20}}]}},"s":{"0":4,"1":4,"2":2,"3":1,"4":1,"5":1,"6":1,"7":1,"8":4},"f":{"0":2},"b":{"0":[1,1],"1":[0,2],"2":[2,2]}}
,"E:\\Code\\Projects\\Tutorials\\NodeJS\\MicroservicesNodeJSReact\\ticketing\\auth\\src\\middlewares\\error-handler.ts": {"path":"E:\\Code\\Projects\\Tutorials\\NodeJS\\MicroservicesNodeJSReact\\ticketing\\auth\\src\\middlewares\\error-handler.ts","statementMap":{"0":{"start":{"line":2,"column":0},"end":{"line":2,"column":53}},"1":{"start":{"line":4,"column":28},"end":{"line":17,"column":1}},"2":{"start":{"line":10,"column":2},"end":{"line":12,"column":null}},"3":{"start":{"line":11,"column":4},"end":{"line":11,"column":78}},"4":{"start":{"line":14,"column":2},"end":{"line":16,"column":5}},"5":{"start":{"line":4,"column":13},"end":{"line":4,"column":28}}},"fnMap":{"0":{"name":"(anonymous_0)","decl":{"start":{"line":4,"column":28},"end":{"line":4,"column":null}},"loc":{"start":{"line":8,"column":20},"end":{"line":17,"column":1}}}},"branchMap":{"0":{"loc":{"start":{"line":10,"column":2},"end":{"line":12,"column":null}},"type":"if","locations":[{"start":{"line":10,"column":2},"end":{"line":12,"column":null}},{"start":{"line":10,"column":2},"end":{"line":12,"column":null}}]}},"s":{"0":4,"1":4,"2":8,"3":8,"4":0,"5":4},"f":{"0":8},"b":{"0":[8,0]}}
,"E:\\Code\\Projects\\Tutorials\\NodeJS\\MicroservicesNodeJSReact\\ticketing\\auth\\src\\middlewares\\validate-request.ts": {"path":"E:\\Code\\Projects\\Tutorials\\NodeJS\\MicroservicesNodeJSReact\\ticketing\\auth\\src\\middlewares\\validate-request.ts","statementMap":{"0":{"start":{"line":2,"column":0},"end":{"line":2,"column":53}},"1":{"start":{"line":3,"column":0},"end":{"line":3,"column":76}},"2":{"start":{"line":5,"column":31},"end":{"line":17,"column":1}},"3":{"start":{"line":10,"column":17},"end":{"line":10,"column":38}},"4":{"start":{"line":12,"column":2},"end":{"line":14,"column":null}},"5":{"start":{"line":13,"column":4},"end":{"line":13,"column":53}},"6":{"start":{"line":16,"column":2},"end":{"line":16,"column":9}},"7":{"start":{"line":5,"column":13},"end":{"line":5,"column":31}}},"fnMap":{"0":{"name":"(anonymous_0)","decl":{"start":{"line":5,"column":31},"end":{"line":5,"column":null}},"loc":{"start":{"line":8,"column":20},"end":{"line":17,"column":1}}}},"branchMap":{"0":{"loc":{"start":{"line":12,"column":2},"end":{"line":14,"column":null}},"type":"if","locations":[{"start":{"line":12,"column":2},"end":{"line":14,"column":null}},{"start":{"line":12,"column":2},"end":{"line":14,"column":null}}]}},"s":{"0":4,"1":4,"2":4,"3":16,"4":16,"5":5,"6":11,"7":4},"f":{"0":16},"b":{"0":[5,11]}}
,"E:\\Code\\Projects\\Tutorials\\NodeJS\\MicroservicesNodeJSReact\\ticketing\\auth\\src\\models\\user.ts": {"path":"E:\\Code\\Projects\\Tutorials\\NodeJS\\MicroservicesNodeJSReact\\ticketing\\auth\\src\\models\\user.ts","statementMap":{"0":{"start":{"line":1,"column":0},"end":{"line":1,"column":51}},"1":{"start":{"line":2,"column":0},"end":{"line":2,"column":55}},"2":{"start":{"line":21,"column":19},"end":{"line":35,"column":null}},"3":{"start":{"line":29,"column":8},"end":{"line":29,"column":25}},"4":{"start":{"line":30,"column":8},"end":{"line":30,"column":23}},"5":{"start":{"line":31,"column":8},"end":{"line":31,"column":28}},"6":{"start":{"line":38,"column":0},"end":{"line":44,"column":3}},"7":{"start":{"line":39,"column":6},"end":{"line":39,"column":10}},"8":{"start":{"line":40,"column":19},"end":{"line":40,"column":null}},"9":{"start":{"line":40,"column":10},"end":{"line":40,"column":null}},"10":{"start":{"line":41,"column":4},"end":{"line":41,"column":33}},"11":{"start":{"line":43,"column":2},"end":{"line":43,"column":9}},"12":{"start":{"line":46,"column":0},"end":{"line":48,"column":2}},"13":{"start":{"line":47,"column":2},"end":{"line":47,"column":30}},"14":{"start":{"line":50,"column":18},"end":{"line":50,"column":63}},"15":{"start":{"line":52,"column":9},"end":{"line":52,"column":18}}},"fnMap":{"0":{"name":"(anonymous_13)","decl":{"start":{"line":28,"column":15},"end":{"line":28,"column":16}},"loc":{"start":{"line":28,"column":24},"end":{"line":32,"column":7}}},"1":{"name":"(anonymous_14)","decl":{"start":{"line":38,"column":23},"end":{"line":38,"column":39}},"loc":{"start":{"line":38,"column":43},"end":{"line":44,"column":2}}},"2":{"name":"(anonymous_17)","decl":{"start":{"line":46,"column":27},"end":{"line":46,"column":28}},"loc":{"start":{"line":46,"column":44},"end":{"line":48,"column":1}}}},"branchMap":{"0":{"loc":{"start":{"line":39,"column":6},"end":{"line":39,"column":10}},"type":"if","locations":[{"start":{"line":39,"column":6},"end":{"line":39,"column":10}},{"start":{"line":39,"column":6},"end":{"line":39,"column":10}}]}},"s":{"0":4,"1":4,"2":4,"3":8,"4":8,"5":8,"6":4,"7":7,"8":7,"9":7,"10":7,"11":7,"12":4,"13":7,"14":4,"15":4},"f":{"0":8,"1":7,"2":7},"b":{"0":[0,7]}}
,"E:\\Code\\Projects\\Tutorials\\NodeJS\\MicroservicesNodeJSReact\\ticketing\\auth\\src\\routes\\current-user.ts": {"path":"E:\\Code\\Projects\\Tutorials\\NodeJS\\MicroservicesNodeJSReact\\ticketing\\auth\\src\\routes\\current-user.ts","statementMap":{"0":{"start":{"line":1,"column":0},"end":{"line":1,"column":30}},"1":{"start":{"line":2,"column":0},"end":{"line":2,"column":48}},"2":{"start":{"line":4,"column":0},"end":{"line":4,"column":58}},"3":{"start":{"line":6,"column":15},"end":{"line":6,"column":31}},"4":{"start":{"line":12,"column":19},"end":{"line":12,"column":36}},"5":{"start":{"line":8,"column":0},"end":{"line":10,"column":3}},"6":{"start":{"line":9,"column":2},"end":{"line":9,"column":53}}},"fnMap":{"0":{"name":"(anonymous_1)","decl":{"start":{"line":8,"column":42},"end":{"line":8,"column":43}},"loc":{"start":{"line":8,"column":51},"end":{"line":10,"column":1}}}},"branchMap":{"0":{"loc":{"start":{"line":9,"column":26},"end":{"line":9,"column":41}},"type":"binary-expr","locations":[{"start":{"line":9,"column":26},"end":{"line":9,"column":41}},{"start":{"line":9,"column":45},"end":{"line":9,"column":49}}]}},"s":{"0":4,"1":4,"2":4,"3":4,"4":4,"5":4,"6":2},"f":{"0":2},"b":{"0":[2,1]}}
,"E:\\Code\\Projects\\Tutorials\\NodeJS\\MicroservicesNodeJSReact\\ticketing\\auth\\src\\routes\\signin.ts": {"path":"E:\\Code\\Projects\\Tutorials\\NodeJS\\MicroservicesNodeJSReact\\ticketing\\auth\\src\\routes\\signin.ts","statementMap":{"0":{"start":{"line":1,"column":0},"end":{"line":1,"column":44}},"1":{"start":{"line":2,"column":0},"end":{"line":2,"column":53}},"2":{"start":{"line":3,"column":0},"end":{"line":3,"column":59}},"3":{"start":{"line":4,"column":0},"end":{"line":4,"column":31}},"4":{"start":{"line":6,"column":0},"end":{"line":6,"column":57}},"5":{"start":{"line":7,"column":0},"end":{"line":7,"column":64}},"6":{"start":{"line":8,"column":0},"end":{"line":8,"column":43}},"7":{"start":{"line":9,"column":0},"end":{"line":9,"column":68}},"8":{"start":{"line":11,"column":15},"end":{"line":11,"column":31}},"9":{"start":{"line":55,"column":19},"end":{"line":55,"column":31}},"10":{"start":{"line":13,"column":0},"end":{"line":53,"column":2}},"11":{"start":{"line":20,"column":36},"end":{"line":52,"column":null}},"12":{"start":{"line":21,"column":10},"end":{"line":21,"column":32}},"13":{"start":{"line":23,"column":25},"end":{"line":23,"column":null}},"14":{"start":{"line":23,"column":10},"end":{"line":23,"column":null}},"15":{"start":{"line":24,"column":4},"end":{"line":26,"column":null}},"16":{"start":{"line":25,"column":6},"end":{"line":25,"column":55}},"17":{"start":{"line":28,"column":27},"end":{"line":31,"column":null}},"18":{"start":{"line":28,"column":10},"end":{"line":31,"column":null}},"19":{"start":{"line":33,"column":4},"end":{"line":35,"column":null}},"20":{"start":{"line":34,"column":6},"end":{"line":34,"column":55}},"21":{"start":{"line":38,"column":10},"end":{"line":44,"column":6}},"22":{"start":{"line":47,"column":4},"end":{"line":49,"column":6}},"23":{"start":{"line":51,"column":4},"end":{"line":51,"column":39}}},"fnMap":{"0":{"name":"(anonymous_14)","decl":{"start":{"line":20,"column":2},"end":{"line":20,"column":9}},"loc":{"start":{"line":20,"column":36},"end":{"line":52,"column":null}}},"1":{"name":"(anonymous_15)","decl":{"start":{"line":20,"column":36},"end":{"line":20,"column":null}},"loc":{"start":{"line":20,"column":36},"end":{"line":52,"column":null}}}},"branchMap":{"0":{"loc":{"start":{"line":24,"column":4},"end":{"line":26,"column":null}},"type":"if","locations":[{"start":{"line":24,"column":4},"end":{"line":26,"column":null}},{"start":{"line":24,"column":4},"end":{"line":26,"column":null}}]},"1":{"loc":{"start":{"line":33,"column":4},"end":{"line":35,"column":null}},"type":"if","locations":[{"start":{"line":33,"column":4},"end":{"line":35,"column":null}},{"start":{"line":33,"column":4},"end":{"line":35,"column":null}}]}},"s":{"0":4,"1":4,"2":4,"3":4,"4":4,"5":4,"6":4,"7":4,"8":4,"9":4,"10":4,"11":3,"12":3,"13":3,"14":3,"15":3,"16":1,"17":2,"18":2,"19":2,"20":1,"21":1,"22":1,"23":1},"f":{"0":3,"1":3},"b":{"0":[1,2],"1":[1,1]}}
,"E:\\Code\\Projects\\Tutorials\\NodeJS\\MicroservicesNodeJSReact\\ticketing\\auth\\src\\routes\\signout.ts": {"path":"E:\\Code\\Projects\\Tutorials\\NodeJS\\MicroservicesNodeJSReact\\ticketing\\auth\\src\\routes\\signout.ts","statementMap":{"0":{"start":{"line":1,"column":0},"end":{"line":1,"column":45}},"1":{"start":{"line":2,"column":0},"end":{"line":2,"column":30}},"2":{"start":{"line":4,"column":15},"end":{"line":4,"column":31}},"3":{"start":{"line":12,"column":19},"end":{"line":12,"column":32}},"4":{"start":{"line":6,"column":0},"end":{"line":10,"column":3}},"5":{"start":{"line":7,"column":2},"end":{"line":7,"column":21}},"6":{"start":{"line":9,"column":2},"end":{"line":9,"column":15}}},"fnMap":{"0":{"name":"(anonymous_1)","decl":{"start":{"line":6,"column":25},"end":{"line":6,"column":26}},"loc":{"start":{"line":6,"column":34},"end":{"line":10,"column":1}}}},"branchMap":{},"s":{"0":4,"1":4,"2":4,"3":4,"4":4,"5":1,"6":1},"f":{"0":1},"b":{}}
,"E:\\Code\\Projects\\Tutorials\\NodeJS\\MicroservicesNodeJSReact\\ticketing\\auth\\src\\routes\\signup.ts": {"path":"E:\\Code\\Projects\\Tutorials\\NodeJS\\MicroservicesNodeJSReact\\ticketing\\auth\\src\\routes\\signup.ts","statementMap":{"0":{"start":{"line":1,"column":0},"end":{"line":1,"column":44}},"1":{"start":{"line":2,"column":0},"end":{"line":2,"column":53}},"2":{"start":{"line":3,"column":0},"end":{"line":3,"column":59}},"3":{"start":{"line":4,"column":0},"end":{"line":4,"column":31}},"4":{"start":{"line":6,"column":0},"end":{"line":6,"column":64}},"5":{"start":{"line":7,"column":0},"end":{"line":7,"column":66}},"6":{"start":{"line":8,"column":0},"end":{"line":8,"column":43}},"7":{"start":{"line":10,"column":15},"end":{"line":10,"column":31}},"8":{"start":{"line":52,"column":19},"end":{"line":52,"column":31}},"9":{"start":{"line":12,"column":0},"end":{"line":50,"column":2}},"10":{"start":{"line":22,"column":36},"end":{"line":49,"column":null}},"11":{"start":{"line":23,"column":10},"end":{"line":23,"column":32}},"12":{"start":{"line":25,"column":25},"end":{"line":25,"column":null}},"13":{"start":{"line":25,"column":10},"end":{"line":25,"column":null}},"14":{"start":{"line":27,"column":4},"end":{"line":29,"column":null}},"15":{"start":{"line":28,"column":6},"end":{"line":28,"column":48}},"16":{"start":{"line":31,"column":10},"end":{"line":31,"column":54}},"17":{"start":{"line":32,"column":4},"end":{"line":32,"column":22}},"18":{"start":{"line":35,"column":10},"end":{"line":41,"column":6}},"19":{"start":{"line":44,"column":4},"end":{"line":46,"column":6}},"20":{"start":{"line":48,"column":4},"end":{"line":48,"column":31}}},"fnMap":{"0":{"name":"(anonymous_14)","decl":{"start":{"line":22,"column":2},"end":{"line":22,"column":9}},"loc":{"start":{"line":22,"column":36},"end":{"line":49,"column":null}}},"1":{"name":"(anonymous_15)","decl":{"start":{"line":22,"column":36},"end":{"line":22,"column":null}},"loc":{"start":{"line":22,"column":36},"end":{"line":49,"column":null}}}},"branchMap":{"0":{"loc":{"start":{"line":27,"column":4},"end":{"line":29,"column":null}},"type":"if","locations":[{"start":{"line":27,"column":4},"end":{"line":29,"column":null}},{"start":{"line":27,"column":4},"end":{"line":29,"column":null}}]}},"s":{"0":4,"1":4,"2":4,"3":4,"4":4,"5":4,"6":4,"7":4,"8":4,"9":4,"10":8,"11":8,"12":8,"13":8,"14":8,"15":1,"16":7,"17":14,"18":7,"19":7,"20":7},"f":{"0":8,"1":8},"b":{"0":[1,7]}}
,"E:\\Code\\Projects\\Tutorials\\NodeJS\\MicroservicesNodeJSReact\\ticketing\\auth\\src\\routes\\__test__\\constants.ts": {"path":"E:\\Code\\Projects\\Tutorials\\NodeJS\\MicroservicesNodeJSReact\\ticketing\\auth\\src\\routes\\__test__\\constants.ts","statementMap":{"0":{"start":{"line":1,"column":13},"end":{"line":1,"column":43}},"1":{"start":{"line":2,"column":13},"end":{"line":2,"column":44}},"2":{"start":{"line":3,"column":13},"end":{"line":3,"column":41}},"3":{"start":{"line":4,"column":13},"end":{"line":4,"column":36}},"4":{"start":{"line":5,"column":13},"end":{"line":6,"column":75}}},"fnMap":{},"branchMap":{},"s":{"0":3,"1":3,"2":3,"3":3,"4":3},"f":{},"b":{}}
,"E:\\Code\\Projects\\Tutorials\\NodeJS\\MicroservicesNodeJSReact\\ticketing\\auth\\src\\services\\password.ts": {"path":"E:\\Code\\Projects\\Tutorials\\NodeJS\\MicroservicesNodeJSReact\\ticketing\\auth\\src\\services\\password.ts","statementMap":{"0":{"start":{"line":1,"column":0},"end":{"line":1,"column":49}},"1":{"start":{"line":3,"column":0},"end":{"line":3,"column":13}},"2":{"start":{"line":4,"column":15},"end":{"line":9,"column":null}},"3":{"start":{"line":5,"column":10},"end":{"line":5,"column":48}},"4":{"start":{"line":6,"column":16},"end":{"line":6,"column":null}},"5":{"start":{"line":6,"column":10},"end":{"line":6,"column":null}},"6":{"start":{"line":8,"column":4},"end":{"line":8,"column":44}},"7":{"start":{"line":11,"column":15},"end":{"line":16,"column":null}},"8":{"start":{"line":12,"column":10},"end":{"line":12,"column":35}},"9":{"start":{"line":13,"column":16},"end":{"line":13,"column":null}},"10":{"start":{"line":13,"column":10},"end":{"line":13,"column":null}},"11":{"start":{"line":15,"column":4},"end":{"line":15,"column":50}},"12":{"start":{"line":17,"column":0},"end":{"line":17,"column":null}},"13":{"start":{"line":3,"column":13},"end":{"line":3,"column":28}}},"fnMap":{"0":{"name":"(anonymous_13)","decl":{"start":{"line":3,"column":0},"end":{"line":3,"column":13}},"loc":{"start":{"line":3,"column":0},"end":{"line":17,"column":null}}},"1":{"name":"(anonymous_15)","decl":{"start":{"line":4,"column":2},"end":{"line":4,"column":15}},"loc":{"start":{"line":4,"column":38},"end":{"line":9,"column":null}}},"2":{"name":"(anonymous_18)","decl":{"start":{"line":11,"column":2},"end":{"line":11,"column":15}},"loc":{"start":{"line":11,"column":71},"end":{"line":16,"column":null}}}},"branchMap":{},"s":{"0":4,"1":4,"2":4,"3":7,"4":7,"5":7,"6":7,"7":4,"8":2,"9":2,"10":2,"11":2,"12":4,"13":4},"f":{"0":4,"1":7,"2":2},"b":{}}
,"E:\\Code\\Projects\\Tutorials\\NodeJS\\MicroservicesNodeJSReact\\ticketing\\auth\\src\\test\\signup-helper.ts": {"path":"E:\\Code\\Projects\\Tutorials\\NodeJS\\MicroservicesNodeJSReact\\ticketing\\auth\\src\\test\\signup-helper.ts","statementMap":{"0":{"start":{"line":1,"column":0},"end":{"line":1,"column":77}},"1":{"start":{"line":2,"column":0},"end":{"line":2,"column":44}},"2":{"start":{"line":3,"column":0},"end":{"line":3,"column":32}},"3":{"start":{"line":4,"column":0},"end":{"line":4,"column":29}},"4":{"start":{"line":6,"column":22},"end":{"line":18,"column":2}},"5":{"start":{"line":7,"column":25},"end":{"line":13,"column":null}},"6":{"start":{"line":7,"column":8},"end":{"line":13,"column":null}},"7":{"start":{"line":15,"column":8},"end":{"line":15,"column":50}},"8":{"start":{"line":17,"column":2},"end":{"line":17,"column":16}},"9":{"start":{"line":6,"column":13},"end":{"line":6,"column":22}}},"fnMap":{"0":{"name":"(anonymous_14)","decl":{"start":{"line":6,"column":22},"end":{"line":6,"column":null}},"loc":{"start":{"line":6,"column":22},"end":{"line":18,"column":2}}}},"branchMap":{"0":{"loc":{"start":{"line":7,"column":25},"end":{"line":13,"column":null}},"type":"switch","locations":[{"start":{"line":7,"column":25},"end":{"line":13,"column":null}}]}},"s":{"0":1,"1":1,"2":1,"3":1,"4":2,"5":1,"6":1,"7":1,"8":1,"9":1},"f":{"0":2},"b":{"0":[1]}}
}
