TN:
SF:src\app.ts
FN:29,(anonymous_14)
FN:29,(anonymous_15)
FNF:2
FNH:0
FNDA:0,(anonymous_14)
FNDA:0,(anonymous_15)
DA:1,4
DA:2,4
DA:3,4
DA:5,4
DA:6,4
DA:7,4
DA:8,4
DA:9,4
DA:10,4
DA:12,4
DA:13,4
DA:15,4
DA:16,4
DA:24,4
DA:25,4
DA:26,4
DA:27,4
DA:29,4
DA:30,0
DA:33,4
DA:35,4
LF:21
LH:20
BRF:0
BRH:0
end_of_record
TN:
SF:src\constants.ts
FNF:0
FNH:0
DA:1,4
DA:2,4
DA:3,4
DA:4,4
LF:4
LH:4
BRF:0
BRH:0
end_of_record
TN:
SF:src\errors\bad-request-error.ts
FN:3,(anonymous_6)
FN:6,BadRequestError
FN:13,(anonymous_8)
FNF:3
FNH:3
FNDA:4,(anonymous_6)
FNDA:3,BadRequestError
FNDA:3,(anonymous_8)
DA:1,4
DA:3,4
DA:4,3
DA:7,3
DA:10,3
DA:13,4
DA:14,3
DA:16,4
LF:8
LH:8
BRDA:7,0,0,3
BRDA:7,0,1,0
BRF:2
BRH:1
end_of_record
TN:
SF:src\errors\custom-error.ts
FN:1,(anonymous_6)
FN:4,CustomError
FNF:2
FNH:2
FNDA:4,(anonymous_6)
FNDA:8,CustomError
DA:1,4
DA:5,8
DA:7,8
DA:11,4
LF:4
LH:4
BRDA:5,0,0,8
BRDA:5,0,1,0
BRF:2
BRH:1
end_of_record
TN:
SF:src\errors\not-found-error.ts
FN:3,(anonymous_6)
FN:6,NotFoundError
FN:11,(anonymous_8)
FNF:3
FNH:1
FNDA:4,(anonymous_6)
FNDA:0,NotFoundError
FNDA:0,(anonymous_8)
DA:1,4
DA:3,4
DA:4,0
DA:7,0
DA:8,0
DA:11,4
DA:12,0
DA:14,4
LF:8
LH:4
BRDA:7,0,0,0
BRDA:7,0,1,0
BRF:2
BRH:0
end_of_record
TN:
SF:src\errors\request-validation-error.ts
FN:4,(anonymous_6)
FN:7,RequestValidationError
FN:14,(anonymous_8)
FN:15,(anonymous_9)
FNF:4
FNH:4
FNDA:4,(anonymous_6)
FNDA:5,RequestValidationError
FNDA:5,(anonymous_8)
FNDA:5,(anonymous_9)
DA:2,4
DA:4,4
DA:5,5
DA:7,5
DA:8,5
DA:11,5
DA:14,4
DA:15,5
DA:16,5
DA:19,4
LF:10
LH:10
BRDA:8,0,0,5
BRDA:8,0,1,0
BRF:2
BRH:1
end_of_record
TN:
SF:src\middlewares\current-user.ts
FN:17,(anonymous_1)
FNF:1
FNH:1
FNDA:2,(anonymous_1)
DA:2,4
DA:17,4
DA:22,2
DA:23,1
DA:26,1
DA:27,1
DA:31,1
DA:34,1
LF:8
LH:8
BRDA:22,0,0,1
BRDA:22,0,1,1
BRDA:22,1,0,0
BRDA:22,1,1,2
BRDA:22,2,0,2
BRDA:22,2,1,2
BRF:6
BRH:5
end_of_record
TN:
SF:src\middlewares\error-handler.ts
FN:4,(anonymous_0)
FNF:1
FNH:1
FNDA:8,(anonymous_0)
DA:2,4
DA:4,4
DA:10,8
DA:11,8
DA:14,0
LF:5
LH:4
BRDA:10,0,0,8
BRDA:10,0,1,0
BRF:2
BRH:1
end_of_record
TN:
SF:src\middlewares\validate-request.ts
FN:5,(anonymous_0)
FNF:1
FNH:1
FNDA:16,(anonymous_0)
DA:2,4
DA:3,4
DA:5,4
DA:10,16
DA:12,16
DA:13,5
DA:16,11
LF:7
LH:7
BRDA:12,0,0,5
BRDA:12,0,1,11
BRF:2
BRH:2
end_of_record
TN:
SF:src\models\user.ts
FN:28,(anonymous_13)
FN:38,(anonymous_14)
FN:46,(anonymous_17)
FNF:3
FNH:3
FNDA:8,(anonymous_13)
FNDA:7,(anonymous_14)
FNDA:7,(anonymous_17)
DA:1,4
DA:2,4
DA:21,4
DA:29,8
DA:30,8
DA:31,8
DA:38,4
DA:39,7
DA:40,7
DA:41,7
DA:43,7
DA:46,4
DA:47,7
DA:50,4
DA:52,4
LF:15
LH:15
BRDA:39,0,0,0
BRDA:39,0,1,7
BRF:2
BRH:1
end_of_record
TN:
SF:src\routes\current-user.ts
FN:8,(anonymous_1)
FNF:1
FNH:1
FNDA:2,(anonymous_1)
DA:1,4
DA:2,4
DA:4,4
DA:6,4
DA:8,4
DA:9,2
DA:12,4
LF:7
LH:7
BRDA:9,0,0,2
BRDA:9,0,1,1
BRF:2
BRH:2
end_of_record
TN:
SF:src\routes\signin.ts
FN:20,(anonymous_14)
FN:20,(anonymous_15)
FNF:2
FNH:2
FNDA:3,(anonymous_14)
FNDA:3,(anonymous_15)
DA:1,4
DA:2,4
DA:3,4
DA:4,4
DA:6,4
DA:7,4
DA:8,4
DA:9,4
DA:11,4
DA:13,4
DA:20,3
DA:21,3
DA:23,3
DA:24,3
DA:25,1
DA:28,2
DA:33,2
DA:34,1
DA:38,1
DA:47,1
DA:51,1
DA:55,4
LF:22
LH:22
BRDA:24,0,0,1
BRDA:24,0,1,2
BRDA:33,1,0,1
BRDA:33,1,1,1
BRF:4
BRH:4
end_of_record
TN:
SF:src\routes\signout.ts
FN:6,(anonymous_1)
FNF:1
FNH:1
FNDA:1,(anonymous_1)
DA:1,4
DA:2,4
DA:4,4
DA:6,4
DA:7,1
DA:9,1
DA:12,4
LF:7
LH:7
BRF:0
BRH:0
end_of_record
TN:
SF:src\routes\signup.ts
FN:22,(anonymous_14)
FN:22,(anonymous_15)
FNF:2
FNH:2
FNDA:8,(anonymous_14)
FNDA:8,(anonymous_15)
DA:1,4
DA:2,4
DA:3,4
DA:4,4
DA:6,4
DA:7,4
DA:8,4
DA:10,4
DA:12,4
DA:22,8
DA:23,8
DA:25,8
DA:27,8
DA:28,1
DA:31,7
DA:32,14
DA:35,7
DA:44,7
DA:48,7
DA:52,4
LF:20
LH:20
BRDA:27,0,0,1
BRDA:27,0,1,7
BRF:2
BRH:2
end_of_record
TN:
SF:src\routes\__test__\constants.ts
FNF:0
FNH:0
DA:1,3
DA:2,3
DA:3,3
DA:4,3
DA:5,3
LF:5
LH:5
BRF:0
BRH:0
end_of_record
TN:
SF:src\services\password.ts
FN:3,(anonymous_13)
FN:4,(anonymous_15)
FN:11,(anonymous_18)
FNF:3
FNH:3
FNDA:4,(anonymous_13)
FNDA:7,(anonymous_15)
FNDA:2,(anonymous_18)
DA:1,4
DA:3,4
DA:4,4
DA:5,7
DA:6,7
DA:8,7
DA:11,4
DA:12,2
DA:13,2
DA:15,2
DA:17,4
LF:11
LH:11
BRF:0
BRH:0
end_of_record
TN:
SF:src\test\signup-helper.ts
FN:6,(anonymous_14)
FNF:1
FNH:1
FNDA:2,(anonymous_14)
DA:1,1
DA:2,1
DA:3,1
DA:4,1
DA:6,2
DA:7,1
DA:15,1
DA:17,1
LF:8
LH:8
BRDA:7,0,0,1
BRF:1
BRH:1
end_of_record
